#
# A fatal error has been detected by the Java Runtime Environment:
#
#  EXCEPTION_ACCESS_VIOLATION (0xc0000005) at pc=0x00007ffb3d97cdaa, pid=3536, tid=15488
#
# JRE version: OpenJDK Runtime Environment (11.0.2+9) (build 11.0.2+9)
# Java VM: OpenJDK 64-Bit Server VM (11.0.2+9, mixed mode, tiered, compressed oops, g1 gc, windows-amd64)
# Problematic frame:
# C  0x00007ffb3d97cdaa
#
# No core dump will be written. Minidumps are not enabled by default on client versions of Windows
#
# If you would like to submit a bug report, please visit:
#   http://bugreport.java.com/bugreport/crash.jsp
# The crash happened outside the Java Virtual Machine in native code.
# See problematic frame for where to report the bug.
#

---------------  S U M M A R Y ------------

Command Line: -ea -agentlib:jdwp=transport=dt_shmem,address=javadebug -Dfile.encoding=UTF-8 bluej.runtime.ExecServer UTF-8

Host: Intel(R) Core(TM) i5-10300H CPU @ 2.50GHz, 8 cores, 7G,  Windows 10 , 64 bit Build 19041 (10.0.19041.1348)
Time: Mon Dec 27 10:18:37 2021 SA Western Standard Time elapsed time: 7696 seconds (0d 2h 8m 16s)

---------------  T H R E A D  ---------------

Current thread (0x0000022474aaa800):  JavaThread "AWT-EventQueue-0" [_thread_in_native, id=15488, stack(0x0000008aafd00000,0x0000008aafe00000)]

Stack: [0x0000008aafd00000,0x0000008aafe00000],  sp=0x0000008aafdfab50,  free space=1002k
Native frames: (J=compiled Java code, j=interpreted, Vv=VM code, C=native code)
C  0x00007ffb3d97cdaa

Java frames: (J=compiled Java code, j=interpreted, Vv=VM code)
j  com.cloudgarden.speech.CGRecognizer.nallocate(II)I+0
j  com.cloudgarden.speech.CGRecognizer.<init>(II)V+162
j  com.cloudgarden.speech.CGRecognizer.getEngineList()Ljavax/speech/EngineList;+34
j  com.cloudgarden.speech.CGEngineCentral.a(Ljavax/speech/recognition/RecognizerModeDesc;)Ljavax/speech/EngineList;+3
j  com.cloudgarden.speech.CGEngineCentral.createEngineList(Ljavax/speech/EngineModeDesc;)Ljavax/speech/EngineList;+15
j  javax.speech.Central.availableRecognizers(Ljavax/speech/EngineModeDesc;)Ljavax/speech/EngineList;+84
j  javax.speech.Central.createRecognizer(Ljavax/speech/EngineModeDesc;)Ljavax/speech/recognition/Recognizer;+1
j  paquetes.PaqueteListener.ReconocedorVoz.iniciar(Ljava/lang/String;)V+10
j  paquetes.PaqueteListener.ReconocedorVoz.run()V+3
j  visual.ManejoEventos.habilitarMicrofono()V+49
j  visual.VentanaPrincipal$4.actionPerformed(Ljava/awt/event/ActionEvent;)V+7
j  javax.swing.AbstractButton.fireActionPerformed(Ljava/awt/event/ActionEvent;)V+83 java.desktop@11.0.2
j  javax.swing.AbstractButton$Handler.actionPerformed(Ljava/awt/event/ActionEvent;)V+5 java.desktop@11.0.2
j  javax.swing.DefaultButtonModel.fireActionPerformed(Ljava/awt/event/ActionEvent;)V+34 java.desktop@11.0.2
j  javax.swing.DefaultButtonModel.setPressed(Z)V+117 java.desktop@11.0.2
j  javax.swing.AbstractButton.doClick(I)V+60 java.desktop@11.0.2
j  javax.swing.plaf.basic.BasicMenuItemUI.doClick(Ljavax/swing/MenuSelectionManager;)V+47 java.desktop@11.0.2
j  javax.swing.plaf.basic.BasicMenuItemUI$Handler.mouseReleased(Ljava/awt/event/MouseEvent;)V+76 java.desktop@11.0.2
j  java.awt.Component.processMouseEvent(Ljava/awt/event/MouseEvent;)V+64 java.desktop@11.0.2
j  javax.swing.JComponent.processMouseEvent(Ljava/awt/event/MouseEvent;)V+23 java.desktop@11.0.2
J 2277 c1 java.awt.Component.processEvent(Ljava/awt/AWTEvent;)V java.desktop@11.0.2 (220 bytes) @ 0x000002245df3ae2c [0x000002245df3a820+0x000000000000060c]
J 2168 c1 java.awt.Container.processEvent(Ljava/awt/AWTEvent;)V java.desktop@11.0.2 (22 bytes) @ 0x000002245def1dbc [0x000002245def1a80+0x000000000000033c]
J 1917 c1 java.awt.Component.dispatchEventImpl(Ljava/awt/AWTEvent;)V java.desktop@11.0.2 (777 bytes) @ 0x000002245de33a8c [0x000002245de2fe40+0x0000000000003c4c]
J 1662 c1 java.awt.Container.dispatchEventImpl(Ljava/awt/AWTEvent;)V java.desktop@11.0.2 (129 bytes) @ 0x000002245dd7db1c [0x000002245dd7d9e0+0x000000000000013c]
J 2177 c1 java.awt.LightweightDispatcher.retargetMouseEvent(Ljava/awt/Component;ILjava/awt/event/MouseEvent;)V java.desktop@11.0.2 (372 bytes) @ 0x000002245def6fdc [0x000002245def4a20+0x00000000000025bc]
J 1835 c1 java.awt.LightweightDispatcher.processMouseEvent(Ljava/awt/event/MouseEvent;)Z java.desktop@11.0.2 (265 bytes) @ 0x000002245de013dc [0x000002245de003e0+0x0000000000000ffc]
J 1918 c1 java.awt.LightweightDispatcher.dispatchEvent(Ljava/awt/AWTEvent;)Z java.desktop@11.0.2 (73 bytes) @ 0x000002245de38444 [0x000002245de38020+0x0000000000000424]
J 1662 c1 java.awt.Container.dispatchEventImpl(Ljava/awt/AWTEvent;)V java.desktop@11.0.2 (129 bytes) @ 0x000002245dd7dabc [0x000002245dd7d9e0+0x00000000000000dc]
J 1790 c1 java.awt.Window.dispatchEventImpl(Ljava/awt/AWTEvent;)V java.desktop@11.0.2 (23 bytes) @ 0x000002245dde05f4 [0x000002245dde0020+0x00000000000005d4]
J 1666 c1 java.awt.EventQueue.dispatchEventImpl(Ljava/awt/AWTEvent;Ljava/lang/Object;)V java.desktop@11.0.2 (136 bytes) @ 0x000002245dd8096c [0x000002245dd804c0+0x00000000000004ac]
J 1665 c1 java.awt.EventQueue$4.run()Ljava/lang/Void; java.desktop@11.0.2 (60 bytes) @ 0x000002245dd7fd2c [0x000002245dd7fc00+0x000000000000012c]
J 1664 c1 java.awt.EventQueue$4.run()Ljava/lang/Object; java.desktop@11.0.2 (5 bytes) @ 0x000002245dd7f84c [0x000002245dd7f7c0+0x000000000000008c]
v  ~StubRoutines::call_stub
J 1444  java.security.AccessController.doPrivileged(Ljava/security/PrivilegedAction;Ljava/security/AccessControlContext;)Ljava/lang/Object; java.base@11.0.2 (0 bytes) @ 0x000002246507bf26 [0x000002246507bec0+0x0000000000000066]
J 1786 c1 java.awt.EventQueue$5.run()Ljava/lang/Object; java.desktop@11.0.2 (5 bytes) @ 0x000002245dddca3c [0x000002245dddc6e0+0x000000000000035c]
v  ~StubRoutines::call_stub
J 1444  java.security.AccessController.doPrivileged(Ljava/security/PrivilegedAction;Ljava/security/AccessControlContext;)Ljava/lang/Object; java.base@11.0.2 (0 bytes) @ 0x000002246507bf26 [0x000002246507bec0+0x0000000000000066]
J 1613 c1 java.awt.EventQueue.dispatchEvent(Ljava/awt/AWTEvent;)V java.desktop@11.0.2 (80 bytes) @ 0x000002245dd640b4 [0x000002245dd635c0+0x0000000000000af4]
J 1615 c1 java.awt.EventDispatchThread.pumpOneEventForFilters(I)V java.desktop@11.0.2 (113 bytes) @ 0x000002245dd6680c [0x000002245dd660c0+0x000000000000074c]
j  java.awt.EventDispatchThread.pumpEventsForFilter(ILjava/awt/Conditional;Ljava/awt/EventFilter;)V+35 java.desktop@11.0.2
j  java.awt.EventDispatchThread.pumpEventsForHierarchy(ILjava/awt/Conditional;Ljava/awt/Component;)V+11 java.desktop@11.0.2
j  java.awt.EventDispatchThread.pumpEvents(ILjava/awt/Conditional;)V+4 java.desktop@11.0.2
j  java.awt.EventDispatchThread.pumpEvents(Ljava/awt/Conditional;)V+3 java.desktop@11.0.2
j  java.awt.EventDispatchThread.run()V+9 java.desktop@11.0.2
v  ~StubRoutines::call_stub

siginfo: EXCEPTION_ACCESS_VIOLATION (0xc0000005), writing address 0x0000000000000030


Register to memory mapping:

RIP=0x00007ffb3d97cdaa points into unknown readable memory: 48 89 02 48 ff c9
RAX=0x00000224759988b0 points into unknown readable memory: 68 53 99 3d fb 7f 00 00
RBX=0x0000000000000001 is an unknown value
RCX=0x0000000000000001 is an unknown value
RDX=0x0000000000000030 is an unknown value
RSP=0x0000008aafdfab50 is pointing into the stack for thread: 0x0000022474aaa800
RBP=0x0000022475970c40 points into unknown readable memory: d8 80 9b 3d fb 7f 00 00
RSI=0x0000008aafdfabc0 is pointing into the stack for thread: 0x0000022474aaa800
RDI=0x0000022475971070 points into unknown readable memory: 5c 4c 45 4e 4f 56 4f 5c
R8 =0x0000000000000015 is an unknown value
R9 =0x000000000000001b is an unknown value
R10=0x0 is NULL
R11=0xdffdf8000000003f is an unknown value
R12=0x0000000000000001 is an unknown value
R13=0x0000008aafdfabd0 is pointing into the stack for thread: 0x0000022474aaa800
R14=0xffffffbb714d1df8 is an unknown value
R15=0x0000022474aaa800 is a thread


Registers:
RAX=0x00000224759988b0, RBX=0x0000000000000001, RCX=0x0000000000000001, RDX=0x0000000000000030
RSP=0x0000008aafdfab50, RBP=0x0000022475970c40, RSI=0x0000008aafdfabc0, RDI=0x0000022475971070
R8 =0x0000000000000015, R9 =0x000000000000001b, R10=0x0000000000000000, R11=0xdffdf8000000003f
R12=0x0000000000000001, R13=0x0000008aafdfabd0, R14=0xffffffbb714d1df8, R15=0x0000022474aaa800
RIP=0x00007ffb3d97cdaa, EFLAGS=0x0000000000010202

Top of Stack: (sp=0x0000008aafdfab50)
0x0000008aafdfab50:   00000224759988b0 0000000000000000
0x0000008aafdfab60:   000002247a1a9988 0000022474aaa800
0x0000008aafdfab70:   fffffffffffffffe 00007ffa92989473
0x0000008aafdfab80:   0000008aafdfaca8 000002247a1a9988
0x0000008aafdfab90:   0000000000000001 00007ffb3d97ad2c
0x0000008aafdfaba0:   0000000000000000 0000000000000000
0x0000008aafdfabb0:   0000022475971070 0000000000000000
0x0000008aafdfabc0:   00000224759988b0 000002247a1a9988
0x0000008aafdfabd0:   0000022475970c40 0000000000000000
0x0000008aafdfabe0:   0000000000000000 000002245d535c56
0x0000008aafdfabf0:   000002247a1a9988 0000008aafdfac78
0x0000008aafdfac00:   0000022473fd2cf0 0000000000179e08
0x0000008aafdfac10:   0000022473fd2cf0 0000000000000000
0x0000008aafdfac20:   0000000000179e08 000002245d535536
0x0000008aafdfac30:   0000008aafdfac30 000002247a1a9988
0x0000008aafdfac40:   0000008aafdfaca8 000002247a1c25d8 

Instructions: (pc=0x00007ffb3d97cdaa)
0x00007ffb3d97cd8a:   24 60 4d 8b 75 08 4c 2b 35 59 b3 03 00 49 c1 fe
0x00007ffb3d97cd9a:   03 4a 8d 14 f0 49 8b cc 48 85 c9 74 0f 48 8b 06
0x00007ffb3d97cdaa:   48 89 02 48 ff c9 48 83 c2 08 eb ec 49 8b 55 08
0x00007ffb3d97cdba:   4c 8b 05 2f b3 03 00 49 